21-Oct-2021 14:16:25.369 INFO [main] org.apache.catalina.startup.VersionLoggerListener.log Server version name:   Apache Tomcat/8.5.70
21-Oct-2021 14:16:25.372 INFO [main] org.apache.catalina.startup.VersionLoggerListener.log Server built:          Aug 9 2021 16:17:14 UTC
21-Oct-2021 14:16:25.373 INFO [main] org.apache.catalina.startup.VersionLoggerListener.log Server version number: 8.5.70.0
21-Oct-2021 14:16:25.373 INFO [main] org.apache.catalina.startup.VersionLoggerListener.log OS Name:               Windows 10
21-Oct-2021 14:16:25.374 INFO [main] org.apache.catalina.startup.VersionLoggerListener.log OS Version:            10.0
21-Oct-2021 14:16:25.374 INFO [main] org.apache.catalina.startup.VersionLoggerListener.log Architecture:          amd64
21-Oct-2021 14:16:25.374 INFO [main] org.apache.catalina.startup.VersionLoggerListener.log Java Home:             C:\Program Files\Java\jdk-11.0.12
21-Oct-2021 14:16:25.374 INFO [main] org.apache.catalina.startup.VersionLoggerListener.log JVM Version:           11.0.12+8-LTS-237
21-Oct-2021 14:16:25.374 INFO [main] org.apache.catalina.startup.VersionLoggerListener.log JVM Vendor:            Oracle Corporation
21-Oct-2021 14:16:25.375 INFO [main] org.apache.catalina.startup.VersionLoggerListener.log CATALINA_BASE:         D:\sayal\corejava\apache-tomcat-8.5.70
21-Oct-2021 14:16:25.375 INFO [main] org.apache.catalina.startup.VersionLoggerListener.log CATALINA_HOME:         D:\sayal\corejava\apache-tomcat-8.5.70
21-Oct-2021 14:16:25.375 INFO [main] org.apache.catalina.startup.VersionLoggerListener.log Command line argument: --add-opens=java.base/java.lang=ALL-UNNAMED
21-Oct-2021 14:16:25.375 INFO [main] org.apache.catalina.startup.VersionLoggerListener.log Command line argument: --add-opens=java.base/java.io=ALL-UNNAMED
21-Oct-2021 14:16:25.375 INFO [main] org.apache.catalina.startup.VersionLoggerListener.log Command line argument: --add-opens=java.base/java.util=ALL-UNNAMED
21-Oct-2021 14:16:25.376 INFO [main] org.apache.catalina.startup.VersionLoggerListener.log Command line argument: --add-opens=java.base/java.util.concurrent=ALL-UNNAMED
21-Oct-2021 14:16:25.376 INFO [main] org.apache.catalina.startup.VersionLoggerListener.log Command line argument: --add-opens=java.rmi/sun.rmi.transport=ALL-UNNAMED
21-Oct-2021 14:16:25.379 INFO [main] org.apache.catalina.startup.VersionLoggerListener.log Command line argument: -Djava.util.logging.config.file=D:\sayal\corejava\apache-tomcat-8.5.70\conf\logging.properties
21-Oct-2021 14:16:25.381 INFO [main] org.apache.catalina.startup.VersionLoggerListener.log Command line argument: -Djava.util.logging.manager=org.apache.juli.ClassLoaderLogManager
21-Oct-2021 14:16:25.385 INFO [main] org.apache.catalina.startup.VersionLoggerListener.log Command line argument: -Djdk.tls.ephemeralDHKeySize=2048
21-Oct-2021 14:16:25.387 INFO [main] org.apache.catalina.startup.VersionLoggerListener.log Command line argument: -Djava.protocol.handler.pkgs=org.apache.catalina.webresources
21-Oct-2021 14:16:25.389 INFO [main] org.apache.catalina.startup.VersionLoggerListener.log Command line argument: -Dignore.endorsed.dirs=
21-Oct-2021 14:16:25.390 INFO [main] org.apache.catalina.startup.VersionLoggerListener.log Command line argument: -Dcatalina.base=D:\sayal\corejava\apache-tomcat-8.5.70
21-Oct-2021 14:16:25.392 INFO [main] org.apache.catalina.startup.VersionLoggerListener.log Command line argument: -Dcatalina.home=D:\sayal\corejava\apache-tomcat-8.5.70
21-Oct-2021 14:16:25.393 INFO [main] org.apache.catalina.startup.VersionLoggerListener.log Command line argument: -Djava.io.tmpdir=D:\sayal\corejava\apache-tomcat-8.5.70\temp
21-Oct-2021 14:16:25.397 INFO [main] org.apache.catalina.core.AprLifecycleListener.lifecycleEvent Loaded Apache Tomcat Native library [1.2.30] using APR version [1.7.0].
21-Oct-2021 14:16:25.399 INFO [main] org.apache.catalina.core.AprLifecycleListener.lifecycleEvent APR capabilities: IPv6 [true], sendfile [true], accept filters [false], random [true].
21-Oct-2021 14:16:25.402 INFO [main] org.apache.catalina.core.AprLifecycleListener.lifecycleEvent APR/OpenSSL configuration: useAprConnector [false], useOpenSSL [true]
21-Oct-2021 14:16:25.441 INFO [main] org.apache.catalina.core.AprLifecycleListener.initializeSSL OpenSSL successfully initialized [OpenSSL 1.1.1k  25 Mar 2021]
21-Oct-2021 14:16:25.491 INFO [main] org.apache.coyote.AbstractProtocol.init Initializing ProtocolHandler ["http-nio-8090"]
21-Oct-2021 14:16:25.585 INFO [main] org.apache.tomcat.util.net.NioSelectorPool.getSharedSelector Using a shared selector for servlet write/read
21-Oct-2021 14:16:25.597 INFO [main] org.apache.catalina.startup.Catalina.load Initialization processed in 765 ms
21-Oct-2021 14:16:25.653 INFO [main] org.apache.catalina.core.StandardService.startInternal Starting service [Catalina]
21-Oct-2021 14:16:25.653 INFO [main] org.apache.catalina.core.StandardEngine.startInternal Starting Servlet engine: [Apache Tomcat/8.5.70]
21-Oct-2021 14:16:25.663 INFO [localhost-startStop-1] org.apache.catalina.startup.HostConfig.deployDirectory Deploying web application directory [D:\sayal\corejava\apache-tomcat-8.5.70\webapps\docs]
21-Oct-2021 14:16:25.944 INFO [localhost-startStop-1] org.apache.catalina.startup.HostConfig.deployDirectory Deployment of web application directory [D:\sayal\corejava\apache-tomcat-8.5.70\webapps\docs] has finished in [280] ms
21-Oct-2021 14:16:25.944 INFO [localhost-startStop-1] org.apache.catalina.startup.HostConfig.deployDirectory Deploying web application directory [D:\sayal\corejava\apache-tomcat-8.5.70\webapps\examples]
21-Oct-2021 14:16:26.473 INFO [localhost-startStop-1] org.apache.jasper.servlet.TldScanner.scanJars At least one JAR was scanned for TLDs yet contained no TLDs. Enable debug logging for this logger for a complete list of JARs that were scanned but no TLDs were found in them. Skipping unneeded JARs during scanning can improve startup time and JSP compilation time.
21-Oct-2021 14:16:26.509 INFO [localhost-startStop-1] org.apache.catalina.startup.HostConfig.deployDirectory Deployment of web application directory [D:\sayal\corejava\apache-tomcat-8.5.70\webapps\examples] has finished in [565] ms
21-Oct-2021 14:16:26.509 INFO [localhost-startStop-1] org.apache.catalina.startup.HostConfig.deployDirectory Deploying web application directory [D:\sayal\corejava\apache-tomcat-8.5.70\webapps\Files]
21-Oct-2021 14:16:26.532 INFO [localhost-startStop-1] org.apache.catalina.startup.HostConfig.deployDirectory Deployment of web application directory [D:\sayal\corejava\apache-tomcat-8.5.70\webapps\Files] has finished in [23] ms
21-Oct-2021 14:16:26.532 INFO [localhost-startStop-1] org.apache.catalina.startup.HostConfig.deployDirectory Deploying web application directory [D:\sayal\corejava\apache-tomcat-8.5.70\webapps\host-manager]
21-Oct-2021 14:16:26.562 INFO [localhost-startStop-1] org.apache.catalina.startup.HostConfig.deployDirectory Deployment of web application directory [D:\sayal\corejava\apache-tomcat-8.5.70\webapps\host-manager] has finished in [30] ms
21-Oct-2021 14:16:26.562 INFO [localhost-startStop-1] org.apache.catalina.startup.HostConfig.deployDirectory Deploying web application directory [D:\sayal\corejava\apache-tomcat-8.5.70\webapps\manager]
21-Oct-2021 14:16:26.582 INFO [localhost-startStop-1] org.apache.catalina.startup.HostConfig.deployDirectory Deployment of web application directory [D:\sayal\corejava\apache-tomcat-8.5.70\webapps\manager] has finished in [20] ms
21-Oct-2021 14:16:26.582 INFO [localhost-startStop-1] org.apache.catalina.startup.HostConfig.deployDirectory Deploying web application directory [D:\sayal\corejava\apache-tomcat-8.5.70\webapps\ROOT]
21-Oct-2021 14:16:26.598 INFO [localhost-startStop-1] org.apache.catalina.startup.HostConfig.deployDirectory Deployment of web application directory [D:\sayal\corejava\apache-tomcat-8.5.70\webapps\ROOT] has finished in [16] ms
21-Oct-2021 14:16:26.602 INFO [main] org.apache.coyote.AbstractProtocol.start Starting ProtocolHandler ["http-nio-8090"]
21-Oct-2021 14:16:26.611 INFO [main] org.apache.catalina.startup.Catalina.start Server startup in 1013 ms
