16-Nov-2021 11:03:35.412 INFO [main] org.apache.catalina.startup.VersionLoggerListener.log Server version name:   Apache Tomcat/8.5.70
16-Nov-2021 11:03:35.416 INFO [main] org.apache.catalina.startup.VersionLoggerListener.log Server built:          Aug 9 2021 16:17:14 UTC
16-Nov-2021 11:03:35.417 INFO [main] org.apache.catalina.startup.VersionLoggerListener.log Server version number: 8.5.70.0
16-Nov-2021 11:03:35.417 INFO [main] org.apache.catalina.startup.VersionLoggerListener.log OS Name:               Windows 10
16-Nov-2021 11:03:35.417 INFO [main] org.apache.catalina.startup.VersionLoggerListener.log OS Version:            10.0
16-Nov-2021 11:03:35.418 INFO [main] org.apache.catalina.startup.VersionLoggerListener.log Architecture:          amd64
16-Nov-2021 11:03:35.418 INFO [main] org.apache.catalina.startup.VersionLoggerListener.log Java Home:             C:\Program Files\Java\jdk-11.0.12
16-Nov-2021 11:03:35.418 INFO [main] org.apache.catalina.startup.VersionLoggerListener.log JVM Version:           11.0.12+8-LTS-237
16-Nov-2021 11:03:35.418 INFO [main] org.apache.catalina.startup.VersionLoggerListener.log JVM Vendor:            Oracle Corporation
16-Nov-2021 11:03:35.419 INFO [main] org.apache.catalina.startup.VersionLoggerListener.log CATALINA_BASE:         D:\sayal\corejava\apache-tomcat-8.5.70
16-Nov-2021 11:03:35.419 INFO [main] org.apache.catalina.startup.VersionLoggerListener.log CATALINA_HOME:         D:\sayal\corejava\apache-tomcat-8.5.70
16-Nov-2021 11:03:35.420 INFO [main] org.apache.catalina.startup.VersionLoggerListener.log Command line argument: --add-opens=java.base/java.lang=ALL-UNNAMED
16-Nov-2021 11:03:35.420 INFO [main] org.apache.catalina.startup.VersionLoggerListener.log Command line argument: --add-opens=java.base/java.io=ALL-UNNAMED
16-Nov-2021 11:03:35.420 INFO [main] org.apache.catalina.startup.VersionLoggerListener.log Command line argument: --add-opens=java.base/java.util=ALL-UNNAMED
16-Nov-2021 11:03:35.420 INFO [main] org.apache.catalina.startup.VersionLoggerListener.log Command line argument: --add-opens=java.base/java.util.concurrent=ALL-UNNAMED
16-Nov-2021 11:03:35.421 INFO [main] org.apache.catalina.startup.VersionLoggerListener.log Command line argument: --add-opens=java.rmi/sun.rmi.transport=ALL-UNNAMED
16-Nov-2021 11:03:35.426 INFO [main] org.apache.catalina.startup.VersionLoggerListener.log Command line argument: -Djava.util.logging.config.file=D:\sayal\corejava\apache-tomcat-8.5.70\conf\logging.properties
16-Nov-2021 11:03:35.432 INFO [main] org.apache.catalina.startup.VersionLoggerListener.log Command line argument: -Djava.util.logging.manager=org.apache.juli.ClassLoaderLogManager
16-Nov-2021 11:03:35.438 INFO [main] org.apache.catalina.startup.VersionLoggerListener.log Command line argument: -Djdk.tls.ephemeralDHKeySize=2048
16-Nov-2021 11:03:35.441 INFO [main] org.apache.catalina.startup.VersionLoggerListener.log Command line argument: -Djava.protocol.handler.pkgs=org.apache.catalina.webresources
16-Nov-2021 11:03:35.445 INFO [main] org.apache.catalina.startup.VersionLoggerListener.log Command line argument: -Dignore.endorsed.dirs=
16-Nov-2021 11:03:35.449 INFO [main] org.apache.catalina.startup.VersionLoggerListener.log Command line argument: -Dcatalina.base=D:\sayal\corejava\apache-tomcat-8.5.70
16-Nov-2021 11:03:35.453 INFO [main] org.apache.catalina.startup.VersionLoggerListener.log Command line argument: -Dcatalina.home=D:\sayal\corejava\apache-tomcat-8.5.70
16-Nov-2021 11:03:35.456 INFO [main] org.apache.catalina.startup.VersionLoggerListener.log Command line argument: -Djava.io.tmpdir=D:\sayal\corejava\apache-tomcat-8.5.70\temp
16-Nov-2021 11:03:35.459 INFO [main] org.apache.catalina.core.AprLifecycleListener.lifecycleEvent Loaded Apache Tomcat Native library [1.2.30] using APR version [1.7.0].
16-Nov-2021 11:03:35.460 INFO [main] org.apache.catalina.core.AprLifecycleListener.lifecycleEvent APR capabilities: IPv6 [true], sendfile [true], accept filters [false], random [true].
16-Nov-2021 11:03:35.460 INFO [main] org.apache.catalina.core.AprLifecycleListener.lifecycleEvent APR/OpenSSL configuration: useAprConnector [false], useOpenSSL [true]
16-Nov-2021 11:03:35.479 INFO [main] org.apache.catalina.core.AprLifecycleListener.initializeSSL OpenSSL successfully initialized [OpenSSL 1.1.1k  25 Mar 2021]
16-Nov-2021 11:03:35.528 INFO [main] org.apache.coyote.AbstractProtocol.init Initializing ProtocolHandler ["http-nio-8090"]
16-Nov-2021 11:03:35.648 INFO [main] org.apache.tomcat.util.net.NioSelectorPool.getSharedSelector Using a shared selector for servlet write/read
16-Nov-2021 11:03:35.660 INFO [main] org.apache.catalina.startup.Catalina.load Initialization processed in 905 ms
16-Nov-2021 11:03:35.721 INFO [main] org.apache.catalina.core.StandardService.startInternal Starting service [Catalina]
16-Nov-2021 11:03:35.722 INFO [main] org.apache.catalina.core.StandardEngine.startInternal Starting Servlet engine: [Apache Tomcat/8.5.70]
16-Nov-2021 11:03:35.735 INFO [localhost-startStop-1] org.apache.catalina.startup.HostConfig.deployDirectory Deploying web application directory [D:\sayal\corejava\apache-tomcat-8.5.70\webapps\docs]
16-Nov-2021 11:03:36.108 INFO [localhost-startStop-1] org.apache.catalina.startup.HostConfig.deployDirectory Deployment of web application directory [D:\sayal\corejava\apache-tomcat-8.5.70\webapps\docs] has finished in [372] ms
16-Nov-2021 11:03:36.109 INFO [localhost-startStop-1] org.apache.catalina.startup.HostConfig.deployDirectory Deploying web application directory [D:\sayal\corejava\apache-tomcat-8.5.70\webapps\examples]
16-Nov-2021 11:03:36.770 INFO [localhost-startStop-1] org.apache.jasper.servlet.TldScanner.scanJars At least one JAR was scanned for TLDs yet contained no TLDs. Enable debug logging for this logger for a complete list of JARs that were scanned but no TLDs were found in them. Skipping unneeded JARs during scanning can improve startup time and JSP compilation time.
16-Nov-2021 11:03:36.814 INFO [localhost-startStop-1] org.apache.catalina.startup.HostConfig.deployDirectory Deployment of web application directory [D:\sayal\corejava\apache-tomcat-8.5.70\webapps\examples] has finished in [705] ms
16-Nov-2021 11:03:36.815 INFO [localhost-startStop-1] org.apache.catalina.startup.HostConfig.deployDirectory Deploying web application directory [D:\sayal\corejava\apache-tomcat-8.5.70\webapps\Files]
16-Nov-2021 11:03:36.844 INFO [localhost-startStop-1] org.apache.catalina.startup.HostConfig.deployDirectory Deployment of web application directory [D:\sayal\corejava\apache-tomcat-8.5.70\webapps\Files] has finished in [29] ms
16-Nov-2021 11:03:36.844 INFO [localhost-startStop-1] org.apache.catalina.startup.HostConfig.deployDirectory Deploying web application directory [D:\sayal\corejava\apache-tomcat-8.5.70\webapps\host-manager]
16-Nov-2021 11:03:36.875 INFO [localhost-startStop-1] org.apache.catalina.startup.HostConfig.deployDirectory Deployment of web application directory [D:\sayal\corejava\apache-tomcat-8.5.70\webapps\host-manager] has finished in [31] ms
16-Nov-2021 11:03:36.875 INFO [localhost-startStop-1] org.apache.catalina.startup.HostConfig.deployDirectory Deploying web application directory [D:\sayal\corejava\apache-tomcat-8.5.70\webapps\manager]
16-Nov-2021 11:03:36.902 INFO [localhost-startStop-1] org.apache.catalina.startup.HostConfig.deployDirectory Deployment of web application directory [D:\sayal\corejava\apache-tomcat-8.5.70\webapps\manager] has finished in [27] ms
16-Nov-2021 11:03:36.902 INFO [localhost-startStop-1] org.apache.catalina.startup.HostConfig.deployDirectory Deploying web application directory [D:\sayal\corejava\apache-tomcat-8.5.70\webapps\ROOT]
16-Nov-2021 11:03:36.921 INFO [localhost-startStop-1] org.apache.catalina.startup.HostConfig.deployDirectory Deployment of web application directory [D:\sayal\corejava\apache-tomcat-8.5.70\webapps\ROOT] has finished in [19] ms
16-Nov-2021 11:03:36.928 INFO [main] org.apache.coyote.AbstractProtocol.start Starting ProtocolHandler ["http-nio-8090"]
16-Nov-2021 11:03:36.941 INFO [main] org.apache.catalina.startup.Catalina.start Server startup in 1281 ms
