17-Nov-2021 09:19:59.236 INFO [main] org.apache.catalina.startup.VersionLoggerListener.log Server version name:   Apache Tomcat/8.5.70
17-Nov-2021 09:19:59.238 INFO [main] org.apache.catalina.startup.VersionLoggerListener.log Server built:          Aug 9 2021 16:17:14 UTC
17-Nov-2021 09:19:59.239 INFO [main] org.apache.catalina.startup.VersionLoggerListener.log Server version number: 8.5.70.0
17-Nov-2021 09:19:59.239 INFO [main] org.apache.catalina.startup.VersionLoggerListener.log OS Name:               Windows 10
17-Nov-2021 09:19:59.239 INFO [main] org.apache.catalina.startup.VersionLoggerListener.log OS Version:            10.0
17-Nov-2021 09:19:59.239 INFO [main] org.apache.catalina.startup.VersionLoggerListener.log Architecture:          amd64
17-Nov-2021 09:19:59.239 INFO [main] org.apache.catalina.startup.VersionLoggerListener.log Java Home:             C:\Program Files\Java\jdk-11.0.12
17-Nov-2021 09:19:59.239 INFO [main] org.apache.catalina.startup.VersionLoggerListener.log JVM Version:           11.0.12+8-LTS-237
17-Nov-2021 09:19:59.239 INFO [main] org.apache.catalina.startup.VersionLoggerListener.log JVM Vendor:            Oracle Corporation
17-Nov-2021 09:19:59.239 INFO [main] org.apache.catalina.startup.VersionLoggerListener.log CATALINA_BASE:         D:\sayal\corejava\apache-tomcat-8.5.70
17-Nov-2021 09:19:59.240 INFO [main] org.apache.catalina.startup.VersionLoggerListener.log CATALINA_HOME:         D:\sayal\corejava\apache-tomcat-8.5.70
17-Nov-2021 09:19:59.240 INFO [main] org.apache.catalina.startup.VersionLoggerListener.log Command line argument: --add-opens=java.base/java.lang=ALL-UNNAMED
17-Nov-2021 09:19:59.240 INFO [main] org.apache.catalina.startup.VersionLoggerListener.log Command line argument: --add-opens=java.base/java.io=ALL-UNNAMED
17-Nov-2021 09:19:59.240 INFO [main] org.apache.catalina.startup.VersionLoggerListener.log Command line argument: --add-opens=java.base/java.util=ALL-UNNAMED
17-Nov-2021 09:19:59.241 INFO [main] org.apache.catalina.startup.VersionLoggerListener.log Command line argument: --add-opens=java.base/java.util.concurrent=ALL-UNNAMED
17-Nov-2021 09:19:59.241 INFO [main] org.apache.catalina.startup.VersionLoggerListener.log Command line argument: --add-opens=java.rmi/sun.rmi.transport=ALL-UNNAMED
17-Nov-2021 09:19:59.241 INFO [main] org.apache.catalina.startup.VersionLoggerListener.log Command line argument: -Djava.util.logging.config.file=D:\sayal\corejava\apache-tomcat-8.5.70\conf\logging.properties
17-Nov-2021 09:19:59.241 INFO [main] org.apache.catalina.startup.VersionLoggerListener.log Command line argument: -Djava.util.logging.manager=org.apache.juli.ClassLoaderLogManager
17-Nov-2021 09:19:59.241 INFO [main] org.apache.catalina.startup.VersionLoggerListener.log Command line argument: -Djdk.tls.ephemeralDHKeySize=2048
17-Nov-2021 09:19:59.242 INFO [main] org.apache.catalina.startup.VersionLoggerListener.log Command line argument: -Djava.protocol.handler.pkgs=org.apache.catalina.webresources
17-Nov-2021 09:19:59.242 INFO [main] org.apache.catalina.startup.VersionLoggerListener.log Command line argument: -Dignore.endorsed.dirs=
17-Nov-2021 09:19:59.242 INFO [main] org.apache.catalina.startup.VersionLoggerListener.log Command line argument: -Dcatalina.base=D:\sayal\corejava\apache-tomcat-8.5.70
17-Nov-2021 09:19:59.242 INFO [main] org.apache.catalina.startup.VersionLoggerListener.log Command line argument: -Dcatalina.home=D:\sayal\corejava\apache-tomcat-8.5.70
17-Nov-2021 09:19:59.243 INFO [main] org.apache.catalina.startup.VersionLoggerListener.log Command line argument: -Djava.io.tmpdir=D:\sayal\corejava\apache-tomcat-8.5.70\temp
17-Nov-2021 09:19:59.243 INFO [main] org.apache.catalina.core.AprLifecycleListener.lifecycleEvent Loaded Apache Tomcat Native library [1.2.30] using APR version [1.7.0].
17-Nov-2021 09:19:59.243 INFO [main] org.apache.catalina.core.AprLifecycleListener.lifecycleEvent APR capabilities: IPv6 [true], sendfile [true], accept filters [false], random [true].
17-Nov-2021 09:19:59.243 INFO [main] org.apache.catalina.core.AprLifecycleListener.lifecycleEvent APR/OpenSSL configuration: useAprConnector [false], useOpenSSL [true]
17-Nov-2021 09:19:59.259 INFO [main] org.apache.catalina.core.AprLifecycleListener.initializeSSL OpenSSL successfully initialized [OpenSSL 1.1.1k  25 Mar 2021]
17-Nov-2021 09:19:59.300 INFO [main] org.apache.coyote.AbstractProtocol.init Initializing ProtocolHandler ["http-nio-8090"]
17-Nov-2021 09:19:59.388 INFO [main] org.apache.tomcat.util.net.NioSelectorPool.getSharedSelector Using a shared selector for servlet write/read
17-Nov-2021 09:19:59.398 INFO [main] org.apache.catalina.startup.Catalina.load Initialization processed in 1060 ms
17-Nov-2021 09:19:59.454 INFO [main] org.apache.catalina.core.StandardService.startInternal Starting service [Catalina]
17-Nov-2021 09:19:59.454 INFO [main] org.apache.catalina.core.StandardEngine.startInternal Starting Servlet engine: [Apache Tomcat/8.5.70]
17-Nov-2021 09:19:59.463 INFO [localhost-startStop-1] org.apache.catalina.startup.HostConfig.deployDirectory Deploying web application directory [D:\sayal\corejava\apache-tomcat-8.5.70\webapps\docs]
17-Nov-2021 09:19:59.773 INFO [localhost-startStop-1] org.apache.catalina.startup.HostConfig.deployDirectory Deployment of web application directory [D:\sayal\corejava\apache-tomcat-8.5.70\webapps\docs] has finished in [309] ms
17-Nov-2021 09:19:59.773 INFO [localhost-startStop-1] org.apache.catalina.startup.HostConfig.deployDirectory Deploying web application directory [D:\sayal\corejava\apache-tomcat-8.5.70\webapps\examples]
17-Nov-2021 09:20:00.408 INFO [localhost-startStop-1] org.apache.jasper.servlet.TldScanner.scanJars At least one JAR was scanned for TLDs yet contained no TLDs. Enable debug logging for this logger for a complete list of JARs that were scanned but no TLDs were found in them. Skipping unneeded JARs during scanning can improve startup time and JSP compilation time.
17-Nov-2021 09:20:00.454 INFO [localhost-startStop-1] org.apache.catalina.startup.HostConfig.deployDirectory Deployment of web application directory [D:\sayal\corejava\apache-tomcat-8.5.70\webapps\examples] has finished in [681] ms
17-Nov-2021 09:20:00.454 INFO [localhost-startStop-1] org.apache.catalina.startup.HostConfig.deployDirectory Deploying web application directory [D:\sayal\corejava\apache-tomcat-8.5.70\webapps\Files]
17-Nov-2021 09:20:00.482 INFO [localhost-startStop-1] org.apache.catalina.startup.HostConfig.deployDirectory Deployment of web application directory [D:\sayal\corejava\apache-tomcat-8.5.70\webapps\Files] has finished in [28] ms
17-Nov-2021 09:20:00.482 INFO [localhost-startStop-1] org.apache.catalina.startup.HostConfig.deployDirectory Deploying web application directory [D:\sayal\corejava\apache-tomcat-8.5.70\webapps\host-manager]
17-Nov-2021 09:20:00.510 INFO [localhost-startStop-1] org.apache.catalina.startup.HostConfig.deployDirectory Deployment of web application directory [D:\sayal\corejava\apache-tomcat-8.5.70\webapps\host-manager] has finished in [28] ms
17-Nov-2021 09:20:00.511 INFO [localhost-startStop-1] org.apache.catalina.startup.HostConfig.deployDirectory Deploying web application directory [D:\sayal\corejava\apache-tomcat-8.5.70\webapps\manager]
17-Nov-2021 09:20:00.544 INFO [localhost-startStop-1] org.apache.catalina.startup.HostConfig.deployDirectory Deployment of web application directory [D:\sayal\corejava\apache-tomcat-8.5.70\webapps\manager] has finished in [32] ms
17-Nov-2021 09:20:00.544 INFO [localhost-startStop-1] org.apache.catalina.startup.HostConfig.deployDirectory Deploying web application directory [D:\sayal\corejava\apache-tomcat-8.5.70\webapps\ROOT]
17-Nov-2021 09:20:00.560 INFO [localhost-startStop-1] org.apache.catalina.startup.HostConfig.deployDirectory Deployment of web application directory [D:\sayal\corejava\apache-tomcat-8.5.70\webapps\ROOT] has finished in [16] ms
17-Nov-2021 09:20:00.565 INFO [main] org.apache.coyote.AbstractProtocol.start Starting ProtocolHandler ["http-nio-8090"]
17-Nov-2021 09:20:00.574 INFO [main] org.apache.catalina.startup.Catalina.start Server startup in 1174 ms
